---------------------
Begin Register Values
---------------------
$at = 0x00000000

$v0 = 0x00000000
$v1 = 0x00000000

$a0 = 0x00000000
$a1 = 0x00000002
$a2 = 0x00000000
$a3 = 0x00400d80

$t0 = 0x00000000
$t1 = 0x00402608
$t2 = 0x00000000
$t3 = 0x5ab3ef39
$t4 = 0x00007f77
$t5 = 0x00000002
$t6 = 0x00000000
$t7 = 0xaeaf0350
$t8 = 0x00007ffd
$t9 = 0x00603dd0

$s0 = 0x00000000
$s1 = 0x004024dd
$s2 = 0x00000000
$s3 = 0x00000000
$s4 = 0x00000000
$s5 = 0x0000ffff
$s6 = 0x00000001
$s7 = 0xaeaf0360

$k0 = 0x00007ffd
$k1 = 0x004024f2

$gp = 0x00000000
$sp = 0x00000003
$fp = 0x00000000
$ra = 0x004025cd
---------------------
End Register Values
---------------------
